Traceback (most recent call last):
  File "C:\Users\renan.oliveira\Desktop\Scripts\AtualizadorPowerBI\main.py", line 33, in <module>
    bot = Manipulation(url=url)
          ^^^^^^^^^^^^^^^^^^^^^
  File "C:\Users\renan.oliveira\Desktop\Scripts\AtualizadorPowerBI\Entities\web_manipulation.py", line 67, in __init__
    self._verificarLogin()
  File "C:\Users\renan.oliveira\Desktop\Scripts\AtualizadorPowerBI\Entities\web_manipulation.py", line 77, in _verificarLogin
    if div.get_attribute("data-test-id") == email:
       ^^^^^^^^^^^^^^^^^^^^^^^^^^^^^^^^^
  File "C:\Users\renan.oliveira\AppData\Local\Packages\PythonSoftwareFoundation.Python.3.11_qbz5n2kfra8p0\LocalCache\local-packages\Python311\site-packages\selenium\webdriver\remote\webelement.py", line 178, in get_attribute
    attribute_value = self.parent.execute_script(
                      ^^^^^^^^^^^^^^^^^^^^^^^^^^^
  File "C:\Users\renan.oliveira\AppData\Local\Packages\PythonSoftwareFoundation.Python.3.11_qbz5n2kfra8p0\LocalCache\local-packages\Python311\site-packages\selenium\webdriver\remote\webdriver.py", line 407, in execute_script
    return self.execute(command, {"script": script, "args": converted_args})["value"]
           ^^^^^^^^^^^^^^^^^^^^^^^^^^^^^^^^^^^^^^^^^^^^^^^^^^^^^^^^^^^^^^^^^
  File "C:\Users\renan.oliveira\AppData\Local\Packages\PythonSoftwareFoundation.Python.3.11_qbz5n2kfra8p0\LocalCache\local-packages\Python311\site-packages\selenium\webdriver\remote\webdriver.py", line 347, in execute
    self.error_handler.check_response(response)
  File "C:\Users\renan.oliveira\AppData\Local\Packages\PythonSoftwareFoundation.Python.3.11_qbz5n2kfra8p0\LocalCache\local-packages\Python311\site-packages\selenium\webdriver\remote\errorhandler.py", line 229, in check_response
    raise exception_class(message, screen, stacktrace)
selenium.common.exceptions.StaleElementReferenceException: Message: stale element reference: stale element not found in the current frame
  (Session info: chrome=125.0.6422.112); For documentation on this error, please visit: https://www.selenium.dev/documentation/webdriver/troubleshooting/errors#stale-element-reference-exception
Stacktrace:
	GetHandleVerifier [0x00007FF7511C1F22+60322]
	(No symbol) [0x00007FF75113CE99]
	(No symbol) [0x00007FF750FF7EBA]
	(No symbol) [0x00007FF750FFDCEE]
	(No symbol) [0x00007FF751000968]
	(No symbol) [0x00007FF75108C95B]
	(No symbol) [0x00007FF75106C21A]
	(No symbol) [0x00007FF75108BC80]
	(No symbol) [0x00007FF75106BFC3]
	(No symbol) [0x00007FF751039617]
	(No symbol) [0x00007FF75103A211]
	GetHandleVerifier [0x00007FF7514D946D+3301613]
	GetHandleVerifier [0x00007FF751523693+3605267]
	GetHandleVerifier [0x00007FF751519410+3563664]
	GetHandleVerifier [0x00007FF7512742F6+790390]
	(No symbol) [0x00007FF7511474DF]
	(No symbol) [0x00007FF7511433D4]
	(No symbol) [0x00007FF751143562]
	(No symbol) [0x00007FF751132F6F]
	BaseThreadInitThunk [0x00007FFCCD057344+20]
	RtlUserThreadStart [0x00007FFCCD9A26B1+33]

